Mon Jan 11 10:11:53.079 [initandlisten] MongoDB starting : pid=23773 port=27017 dbpath=/home/imranariffin/ruspeakr-api/dbpath/ 64-bit host=IMRANARIFFIN
Mon Jan 11 10:11:53.080 [initandlisten] db version v2.4.9
Mon Jan 11 10:11:53.080 [initandlisten] git version: nogitversion
Mon Jan 11 10:11:53.080 [initandlisten] build info: Linux orlo 3.2.0-58-generic #88-Ubuntu SMP Tue Dec 3 17:37:58 UTC 2013 x86_64 BOOST_LIB_VERSION=1_54
Mon Jan 11 10:11:53.080 [initandlisten] allocator: tcmalloc
Mon Jan 11 10:11:53.080 [initandlisten] options: { dbpath: "dbpath/", fork: true, logpath: "dbpath/mongo.log" }
Mon Jan 11 10:11:53.148 [initandlisten] journal dir=/home/imranariffin/ruspeakr-api/dbpath/journal
Mon Jan 11 10:11:53.148 [initandlisten] recover : no journal files present, no recovery needed
Mon Jan 11 10:11:53.256 [FileAllocator] allocating new datafile /home/imranariffin/ruspeakr-api/dbpath/local.ns, filling with zeroes...
Mon Jan 11 10:11:53.256 [FileAllocator] creating directory /home/imranariffin/ruspeakr-api/dbpath/_tmp
Mon Jan 11 10:11:53.337 [FileAllocator] done allocating datafile /home/imranariffin/ruspeakr-api/dbpath/local.ns, size: 16MB,  took 0.022 secs
Mon Jan 11 10:11:53.337 [FileAllocator] allocating new datafile /home/imranariffin/ruspeakr-api/dbpath/local.0, filling with zeroes...
Mon Jan 11 10:11:53.360 [FileAllocator] done allocating datafile /home/imranariffin/ruspeakr-api/dbpath/local.0, size: 64MB,  took 0.021 secs
Mon Jan 11 10:11:53.364 [initandlisten] command local.$cmd command: { create: "startup_log", size: 10485760, capped: true } ntoreturn:1 keyUpdates:0  reslen:37 122ms
Mon Jan 11 10:11:53.364 [initandlisten] ERROR: listen(): bind() failed errno:98 Address already in use for socket: 0.0.0.0:27017
Mon Jan 11 10:11:53.364 [websvr] ERROR: listen(): bind() failed errno:98 Address already in use for socket: 0.0.0.0:28017
Mon Jan 11 10:11:53.364 [initandlisten] ERROR:   addr already in use
Mon Jan 11 10:11:53.364 [websvr] ERROR:   addr already in use
Mon Jan 11 10:11:53.365 [initandlisten] now exiting
Mon Jan 11 10:11:53.365 dbexit: 
Mon Jan 11 10:11:53.365 [initandlisten] shutdown: going to close listening sockets...
Mon Jan 11 10:11:53.365 [initandlisten] shutdown: going to flush diaglog...
Mon Jan 11 10:11:53.365 [initandlisten] shutdown: going to close sockets...
Mon Jan 11 10:11:53.365 [initandlisten] shutdown: waiting for fs preallocator...
Mon Jan 11 10:11:53.365 [initandlisten] shutdown: lock for final commit...
Mon Jan 11 10:11:53.365 [initandlisten] shutdown: final commit...
Mon Jan 11 10:11:53.571 [initandlisten] shutdown: closing all files...
Mon Jan 11 10:11:53.571 [initandlisten] closeAllFiles() finished
Mon Jan 11 10:11:53.572 [initandlisten] journalCleanup...
Mon Jan 11 10:11:53.572 [initandlisten] removeJournalFiles
Mon Jan 11 10:11:53.649 [initandlisten] shutdown: removing fs lock...
Mon Jan 11 10:11:53.650 dbexit: really exiting now
